[ 2026-04-10 13:41:13,147 ] 1025 httpx - INFO - HTTP Request: GET https://dagshub.com/api/v1/user "HTTP/1.1 200 OK"
[ 2026-04-10 13:41:13,151 ] 107 dagshub - INFO - Accessing as sharmaprashantcs
[ 2026-04-10 13:41:14,558 ] 1025 httpx - INFO - HTTP Request: GET https://dagshub.com/api/v1/repos/sharmaprashantcs/networksecurity "HTTP/1.1 200 OK"
[ 2026-04-10 13:41:15,599 ] 1025 httpx - INFO - HTTP Request: GET https://dagshub.com/api/v1/user "HTTP/1.1 200 OK"
[ 2026-04-10 13:41:15,600 ] 107 dagshub - INFO - Initialized MLflow to track repo "sharmaprashantcs/networksecurity"
[ 2026-04-10 13:41:15,601 ] 107 dagshub - INFO - Repository sharmaprashantcs/networksecurity initialized!
[ 2026-04-10 13:41:15,601 ] 19 root - INFO - Initiate the data ingestion
[ 2026-04-10 13:42:32,234 ] 67 root - INFO - Performed train test split on the dataframe
[ 2026-04-10 13:42:32,234 ] 68 root - INFO - Exited split_data_as_train_test method of Data_Ingestion class
[ 2026-04-10 13:42:32,235 ] 71 root - INFO - Exporting train and test file path.
[ 2026-04-10 13:42:32,264 ] 77 root - INFO - Exported train and test file path.
[ 2026-04-10 13:42:32,264 ] 21 root - INFO - Data Initiation completed
[ 2026-04-10 13:42:32,267 ] 26 root - INFO - Intitate the data validation
[ 2026-04-10 13:42:32,356 ] 33 root - INFO - Required number of columns:2
[ 2026-04-10 13:42:32,356 ] 34 root - INFO - Dataframe has columns;31
[ 2026-04-10 13:42:32,356 ] 33 root - INFO - Required number of columns:2
[ 2026-04-10 13:42:32,356 ] 34 root - INFO - Dataframe has columns;31
[ 2026-04-10 13:42:32,440 ] 28 root - INFO - Data validation completed
[ 2026-04-10 13:42:32,440 ] 32 root - INFO - Data Transformation started
[ 2026-04-10 13:42:32,441 ] 49 root - INFO - Entered initiate_data_transformation method of DataTransformation class
[ 2026-04-10 13:42:32,441 ] 51 root - INFO - Starting Data Transformation
[ 2026-04-10 13:42:32,454 ] 34 root - INFO - Entered get_data_transformer object method of Transformation class
[ 2026-04-10 13:42:32,454 ] 39 root - INFO - Initialise KNNImputer with {'missing_values': nan, 'n_neighbors': 3, 'weights': 'uniform'}
[ 2026-04-10 13:42:32,467 ] 50 root - INFO - Entered the save_object method of MainUtils class
[ 2026-04-10 13:42:32,469 ] 54 root - INFO - Exited the save_object method of MainUtils class
[ 2026-04-10 13:42:32,470 ] 36 root - INFO - Data Transformation completed
[ 2026-04-10 13:42:32,470 ] 38 root - INFO - Model Training sstared
[ 2026-04-10 13:43:22,800 ] 50 root - INFO - Entered the save_object method of MainUtils class
[ 2026-04-10 13:43:22,801 ] 54 root - INFO - Exited the save_object method of MainUtils class
[ 2026-04-10 13:43:22,801 ] 122 root - INFO - Model Trainer Artifact: ModelTrainerArtifact(trained_model_file_path='Artifacts\\04_10_202613_41_08\\model_trainer\\trained_model\\model.pkl', train_metric_artifact=ClassificationMetricArtifact(f1_score=0.990919293949597, precision_score=0.988599348534202, recall_score=0.9932501534056044), test_metric_artifact=ClassificationMetricArtifact(f1_score=0.975800156128025, precision_score=0.9659969088098919, recall_score=0.9858044164037855))
[ 2026-04-10 13:43:22,801 ] 43 root - INFO - Model Training artifact created
