[ 2026-04-10 13:52:40,565 ] 1025 httpx - INFO - HTTP Request: GET https://dagshub.com/api/v1/user "HTTP/1.1 200 OK"
[ 2026-04-10 13:52:40,570 ] 107 dagshub - INFO - Accessing as sharmaprashantcs
[ 2026-04-10 13:52:41,347 ] 1025 httpx - INFO - HTTP Request: GET https://dagshub.com/api/v1/repos/sharmaprashantcs/networksecurity "HTTP/1.1 200 OK"
[ 2026-04-10 13:52:42,399 ] 1025 httpx - INFO - HTTP Request: GET https://dagshub.com/api/v1/user "HTTP/1.1 200 OK"
[ 2026-04-10 13:52:42,400 ] 107 dagshub - INFO - Initialized MLflow to track repo "sharmaprashantcs/networksecurity"
[ 2026-04-10 13:52:42,401 ] 107 dagshub - INFO - Repository sharmaprashantcs/networksecurity initialized!
[ 2026-04-10 13:52:42,401 ] 19 root - INFO - Initiate the data ingestion
[ 2026-04-10 13:53:52,068 ] 67 root - INFO - Performed train test split on the dataframe
[ 2026-04-10 13:53:52,068 ] 68 root - INFO - Exited split_data_as_train_test method of Data_Ingestion class
[ 2026-04-10 13:53:52,068 ] 71 root - INFO - Exporting train and test file path.
[ 2026-04-10 13:53:52,098 ] 77 root - INFO - Exported train and test file path.
[ 2026-04-10 13:53:52,098 ] 21 root - INFO - Data Initiation completed
[ 2026-04-10 13:53:52,140 ] 26 root - INFO - Intitate the data validation
[ 2026-04-10 13:53:52,200 ] 33 root - INFO - Required number of columns:2
[ 2026-04-10 13:53:52,201 ] 34 root - INFO - Dataframe has columns;31
[ 2026-04-10 13:53:52,201 ] 33 root - INFO - Required number of columns:2
[ 2026-04-10 13:53:52,201 ] 34 root - INFO - Dataframe has columns;31
[ 2026-04-10 13:53:52,282 ] 28 root - INFO - Data validation completed
[ 2026-04-10 13:53:52,282 ] 32 root - INFO - Data Transformation started
[ 2026-04-10 13:53:52,282 ] 49 root - INFO - Entered initiate_data_transformation method of DataTransformation class
[ 2026-04-10 13:53:52,282 ] 51 root - INFO - Starting Data Transformation
[ 2026-04-10 13:53:52,297 ] 34 root - INFO - Entered get_data_transformer object method of Transformation class
[ 2026-04-10 13:53:52,298 ] 39 root - INFO - Initialise KNNImputer with {'missing_values': nan, 'n_neighbors': 3, 'weights': 'uniform'}
[ 2026-04-10 13:53:52,308 ] 50 root - INFO - Entered the save_object method of MainUtils class
[ 2026-04-10 13:53:52,310 ] 54 root - INFO - Exited the save_object method of MainUtils class
[ 2026-04-10 13:53:52,311 ] 50 root - INFO - Entered the save_object method of MainUtils class
[ 2026-04-10 13:53:52,313 ] 54 root - INFO - Exited the save_object method of MainUtils class
[ 2026-04-10 13:53:52,314 ] 36 root - INFO - Data Transformation completed
[ 2026-04-10 13:53:52,314 ] 38 root - INFO - Model Training sstared
[ 2026-04-10 13:55:17,840 ] 50 root - INFO - Entered the save_object method of MainUtils class
[ 2026-04-10 13:55:17,841 ] 54 root - INFO - Exited the save_object method of MainUtils class
[ 2026-04-10 13:55:17,841 ] 50 root - INFO - Entered the save_object method of MainUtils class
[ 2026-04-10 13:55:17,916 ] 54 root - INFO - Exited the save_object method of MainUtils class
[ 2026-04-10 13:55:17,916 ] 124 root - INFO - Model Trainer Artifact: ModelTrainerArtifact(trained_model_file_path='Artifacts\\04_10_202613_52_32\\model_trainer\\trained_model\\model.pkl', train_metric_artifact=ClassificationMetricArtifact(f1_score=0.9906160750713995, precision_score=0.9879959308240082, recall_score=0.9932501534056044), test_metric_artifact=ClassificationMetricArtifact(f1_score=0.9768354927365528, precision_score=0.9726348709929633, recall_score=0.9810725552050473))
[ 2026-04-10 13:55:17,921 ] 43 root - INFO - Model Training artifact created
